<?xml version="1.0" encoding="UTF-8"?>
<testng-results ignored="0" total="4" passed="3" failed="1" skipped="0">
  <reporter-output>
  </reporter-output>
  <suite started-at="2022-06-07T11:56:30 GMT+01:00" name="Suite" finished-at="2022-06-07T12:00:39 GMT+01:00" duration-ms="249274">
    <groups>
    </groups>
    <test started-at="2022-06-07T11:56:30 GMT+01:00" name="Validating User login" finished-at="2022-06-07T11:58:48 GMT+01:00" duration-ms="137975">
      <class name="Academy.HomePage">
        <test-method is-config="true" signature="initialize(java.lang.reflect.Method)[pri:0, instance:Academy.HomePage@a530d0a]" started-at="2022-06-07T11:56:30 GMT+01:00" name="initialize" finished-at="2022-06-07T11:57:28 GMT+01:00" duration-ms="57665" status="PASS">
          <params>
            <param index="0">
              <value>
                <![CDATA[public void Academy.HomePage.basePageNavigation(java.lang.String,java.lang.String,java.lang.String,java.lang.reflect.Method) throws java.io.IOException,atu.testrecorder.exceptions.ATUTestRecorderException]]>
              </value>
            </param>
          </params>
          <reporter-output>
          </reporter-output>
        </test-method> <!-- initialize -->
        <test-method signature="basePageNavigation(java.lang.String,java.lang.String,java.lang.String,java.lang.reflect.Method)[pri:0, instance:Academy.HomePage@a530d0a]" started-at="2022-06-07T11:57:28 GMT+01:00" name="basePageNavigation" data-provider="getData" finished-at="2022-06-07T11:57:47 GMT+01:00" duration-ms="18905" status="PASS">
          <params>
            <param index="0">
              <value>
                <![CDATA[nonrestricteduser@qw.com]]>
              </value>
            </param>
            <param index="1">
              <value>
                <![CDATA[123456]]>
              </value>
            </param>
            <param index="2">
              <value>
                <![CDATA[Restrcited User]]>
              </value>
            </param>
            <param index="3">
              <value>
                <![CDATA[public void Academy.HomePage.basePageNavigation(java.lang.String,java.lang.String,java.lang.String,java.lang.reflect.Method) throws java.io.IOException,atu.testrecorder.exceptions.ATUTestRecorderException]]>
              </value>
            </param>
          </params>
          <reporter-output>
          </reporter-output>
        </test-method> <!-- basePageNavigation -->
        <test-method is-config="true" signature="teardown(java.lang.reflect.Method,org.testng.ITestResult)[pri:0, instance:Academy.HomePage@a530d0a]" started-at="2022-06-07T11:57:47 GMT+01:00" name="teardown" finished-at="2022-06-07T11:57:49 GMT+01:00" duration-ms="2318" status="PASS">
          <params>
            <param index="0">
              <value>
                <![CDATA[public void Academy.HomePage.basePageNavigation(java.lang.String,java.lang.String,java.lang.String,java.lang.reflect.Method) throws java.io.IOException,atu.testrecorder.exceptions.ATUTestRecorderException]]>
              </value>
            </param>
            <param index="1">
              <value>
                <![CDATA[[TestResult name=basePageNavigation status=SUCCESS method=HomePage.basePageNavigation(java.lang.String,java.lang.String,java.lang.String,java.lang.reflect.Method)[pri:0, instance:Academy.HomePage@a530d0a] output={null}]]]>
              </value>
            </param>
          </params>
          <reporter-output>
          </reporter-output>
        </test-method> <!-- teardown -->
        <test-method is-config="true" signature="initialize(java.lang.reflect.Method)[pri:0, instance:Academy.HomePage@a530d0a]" started-at="2022-06-07T11:57:49 GMT+01:00" name="initialize" finished-at="2022-06-07T11:58:28 GMT+01:00" duration-ms="38917" status="PASS">
          <params>
            <param index="0">
              <value>
                <![CDATA[public void Academy.HomePage.basePageNavigation(java.lang.String,java.lang.String,java.lang.String,java.lang.reflect.Method) throws java.io.IOException,atu.testrecorder.exceptions.ATUTestRecorderException]]>
              </value>
            </param>
          </params>
          <reporter-output>
          </reporter-output>
        </test-method> <!-- initialize -->
        <test-method signature="basePageNavigation(java.lang.String,java.lang.String,java.lang.String,java.lang.reflect.Method)[pri:0, instance:Academy.HomePage@a530d0a]" started-at="2022-06-07T11:58:28 GMT+01:00" name="basePageNavigation" data-provider="getData" finished-at="2022-06-07T11:58:46 GMT+01:00" duration-ms="17826" status="PASS">
          <params>
            <param index="0">
              <value>
                <![CDATA[restricteduser@qw.com]]>
              </value>
            </param>
            <param index="1">
              <value>
                <![CDATA[456788]]>
              </value>
            </param>
            <param index="2">
              <value>
                <![CDATA[Non restricted user]]>
              </value>
            </param>
            <param index="3">
              <value>
                <![CDATA[public void Academy.HomePage.basePageNavigation(java.lang.String,java.lang.String,java.lang.String,java.lang.reflect.Method) throws java.io.IOException,atu.testrecorder.exceptions.ATUTestRecorderException]]>
              </value>
            </param>
          </params>
          <reporter-output>
          </reporter-output>
        </test-method> <!-- basePageNavigation -->
        <test-method is-config="true" signature="teardown(java.lang.reflect.Method,org.testng.ITestResult)[pri:0, instance:Academy.HomePage@a530d0a]" started-at="2022-06-07T11:58:46 GMT+01:00" name="teardown" finished-at="2022-06-07T11:58:48 GMT+01:00" duration-ms="2294" status="PASS">
          <params>
            <param index="0">
              <value>
                <![CDATA[public void Academy.HomePage.basePageNavigation(java.lang.String,java.lang.String,java.lang.String,java.lang.reflect.Method) throws java.io.IOException,atu.testrecorder.exceptions.ATUTestRecorderException]]>
              </value>
            </param>
            <param index="1">
              <value>
                <![CDATA[[TestResult name=basePageNavigation status=SUCCESS method=HomePage.basePageNavigation(java.lang.String,java.lang.String,java.lang.String,java.lang.reflect.Method)[pri:0, instance:Academy.HomePage@a530d0a] output={null}]]]>
              </value>
            </param>
          </params>
          <reporter-output>
          </reporter-output>
        </test-method> <!-- teardown -->
      </class> <!-- Academy.HomePage -->
    </test> <!-- Validating User login -->
    <test started-at="2022-06-07T11:58:48 GMT+01:00" name="Validating title in the Page" finished-at="2022-06-07T11:59:43 GMT+01:00" duration-ms="55398">
      <class name="Academy.validateTitle">
        <test-method is-config="true" signature="initialize(java.lang.reflect.Method)[pri:0, instance:Academy.validateTitle@121314f7]" started-at="2022-06-07T11:58:48 GMT+01:00" name="initialize" finished-at="2022-06-07T11:59:25 GMT+01:00" duration-ms="37437" status="PASS">
          <params>
            <param index="0">
              <value>
                <![CDATA[public void Academy.validateTitle.validateAppTitle() throws java.io.IOException]]>
              </value>
            </param>
          </params>
          <reporter-output>
          </reporter-output>
        </test-method> <!-- initialize -->
        <test-method signature="validateAppTitle()[pri:0, instance:Academy.validateTitle@121314f7]" started-at="2022-06-07T11:59:25 GMT+01:00" name="validateAppTitle" finished-at="2022-06-07T11:59:41 GMT+01:00" duration-ms="15076" status="FAIL">
          <exception class="java.lang.AssertionError">
            <message>
              <![CDATA[expected [FEATURED COUR1SES] but found [FEATURED COURSES]]]>
            </message>
            <full-stacktrace>
              <![CDATA[java.lang.AssertionError: expected [FEATURED COUR1SES] but found [FEATURED COURSES]
at org.testng.Assert.fail(Assert.java:99)
at org.testng.Assert.failNotEquals(Assert.java:1037)
at org.testng.Assert.assertEqualsImpl(Assert.java:140)
at org.testng.Assert.assertEquals(Assert.java:122)
at org.testng.Assert.assertEquals(Assert.java:629)
at org.testng.Assert.assertEquals(Assert.java:639)
at Academy.validateTitle.validateAppTitle(validateTitle.java:54)
at java.base/jdk.internal.reflect.NativeMethodAccessorImpl.invoke0(Native Method)
at java.base/jdk.internal.reflect.NativeMethodAccessorImpl.invoke(NativeMethodAccessorImpl.java:64)
at java.base/jdk.internal.reflect.DelegatingMethodAccessorImpl.invoke(DelegatingMethodAccessorImpl.java:43)
at java.base/java.lang.reflect.Method.invoke(Method.java:564)
at org.testng.internal.MethodInvocationHelper.invokeMethod(MethodInvocationHelper.java:133)
at org.testng.internal.TestInvoker.invokeMethod(TestInvoker.java:598)
at org.testng.internal.TestInvoker.invokeTestMethod(TestInvoker.java:173)
at org.testng.internal.MethodRunner.runInSequence(MethodRunner.java:46)
at org.testng.internal.TestInvoker$MethodInvocationAgent.invoke(TestInvoker.java:824)
at org.testng.internal.TestInvoker.invokeTestMethods(TestInvoker.java:146)
at org.testng.internal.TestMethodWorker.invokeTestMethods(TestMethodWorker.java:146)
at org.testng.internal.TestMethodWorker.run(TestMethodWorker.java:128)
at java.base/java.util.ArrayList.forEach(ArrayList.java:1511)
at org.testng.TestRunner.privateRun(TestRunner.java:794)
at org.testng.TestRunner.run(TestRunner.java:596)
at org.testng.SuiteRunner.runTest(SuiteRunner.java:377)
at org.testng.SuiteRunner.runSequentially(SuiteRunner.java:371)
at org.testng.SuiteRunner.privateRun(SuiteRunner.java:332)
at org.testng.SuiteRunner.run(SuiteRunner.java:276)
at org.testng.SuiteRunnerWorker.runSuite(SuiteRunnerWorker.java:53)
at org.testng.SuiteRunnerWorker.run(SuiteRunnerWorker.java:96)
at org.testng.TestNG.runSuitesSequentially(TestNG.java:1212)
at org.testng.TestNG.runSuitesLocally(TestNG.java:1134)
at org.testng.TestNG.runSuites(TestNG.java:1063)
at org.testng.TestNG.run(TestNG.java:1031)
at org.testng.remote.AbstractRemoteTestNG.run(AbstractRemoteTestNG.java:115)
at org.testng.remote.RemoteTestNG.initAndRun(RemoteTestNG.java:251)
at org.testng.remote.RemoteTestNG.main(RemoteTestNG.java:77)
]]>
            </full-stacktrace>
          </exception> <!-- java.lang.AssertionError -->
          <reporter-output>
          </reporter-output>
        </test-method> <!-- validateAppTitle -->
        <test-method is-config="true" signature="teardown(java.lang.reflect.Method,org.testng.ITestResult)[pri:0, instance:Academy.validateTitle@121314f7]" started-at="2022-06-07T11:59:41 GMT+01:00" name="teardown" finished-at="2022-06-07T11:59:43 GMT+01:00" duration-ms="2879" status="PASS">
          <params>
            <param index="0">
              <value>
                <![CDATA[public void Academy.validateTitle.validateAppTitle() throws java.io.IOException]]>
              </value>
            </param>
            <param index="1">
              <value>
                <![CDATA[[TestResult name=validateAppTitle status=FAILURE method=validateTitle.validateAppTitle()[pri:0, instance:Academy.validateTitle@121314f7] output={null}]]]>
              </value>
            </param>
          </params>
          <reporter-output>
          </reporter-output>
        </test-method> <!-- teardown -->
      </class> <!-- Academy.validateTitle -->
    </test> <!-- Validating title in the Page -->
    <test started-at="2022-06-07T11:59:43 GMT+01:00" name="BeroreAfterSuite" finished-at="2022-06-07T11:59:43 GMT+01:00" duration-ms="1">
    </test> <!-- BeroreAfterSuite -->
    <test started-at="2022-06-07T11:59:43 GMT+01:00" name="Validating navigation Bar" finished-at="2022-06-07T12:00:39 GMT+01:00" duration-ms="55862">
      <class name="Academy.BASuite">
        <test-method is-config="true" signature="star()[pri:0, instance:Academy.BASuite@18df8434]" started-at="2022-06-07T11:56:30 GMT+01:00" name="star" finished-at="2022-06-07T11:56:30 GMT+01:00" duration-ms="191" status="PASS">
          <reporter-output>
          </reporter-output>
        </test-method> <!-- star -->
        <test-method is-config="true" signature="end()[pri:0, instance:Academy.BASuite@18df8434]" started-at="2022-06-07T12:00:39 GMT+01:00" name="end" finished-at="2022-06-07T12:00:40 GMT+01:00" duration-ms="761" status="PASS">
          <reporter-output>
          </reporter-output>
        </test-method> <!-- end -->
      </class> <!-- Academy.BASuite -->
      <class name="Academy.validateNavigationBar">
        <test-method is-config="true" signature="initialize(java.lang.reflect.Method)[pri:0, instance:Academy.validateNavigationBar@38cee291]" started-at="2022-06-07T11:59:43 GMT+01:00" name="initialize" finished-at="2022-06-07T12:00:22 GMT+01:00" duration-ms="38220" status="PASS">
          <params>
            <param index="0">
              <value>
                <![CDATA[public void Academy.validateNavigationBar.validateAppNavBar() throws java.io.IOException]]>
              </value>
            </param>
          </params>
          <reporter-output>
          </reporter-output>
        </test-method> <!-- initialize -->
        <test-method signature="validateAppNavBar()[pri:0, instance:Academy.validateNavigationBar@38cee291]" started-at="2022-06-07T12:00:22 GMT+01:00" name="validateAppNavBar" finished-at="2022-06-07T12:00:37 GMT+01:00" duration-ms="15120" status="PASS">
          <reporter-output>
          </reporter-output>
        </test-method> <!-- validateAppNavBar -->
        <test-method is-config="true" signature="teardown(java.lang.reflect.Method,org.testng.ITestResult)[pri:0, instance:Academy.validateNavigationBar@38cee291]" started-at="2022-06-07T12:00:37 GMT+01:00" name="teardown" finished-at="2022-06-07T12:00:39 GMT+01:00" duration-ms="2518" status="PASS">
          <params>
            <param index="0">
              <value>
                <![CDATA[public void Academy.validateNavigationBar.validateAppNavBar() throws java.io.IOException]]>
              </value>
            </param>
            <param index="1">
              <value>
                <![CDATA[[TestResult name=validateAppNavBar status=SUCCESS method=validateNavigationBar.validateAppNavBar()[pri:0, instance:Academy.validateNavigationBar@38cee291] output={null}]]]>
              </value>
            </param>
          </params>
          <reporter-output>
          </reporter-output>
        </test-method> <!-- teardown -->
      </class> <!-- Academy.validateNavigationBar -->
    </test> <!-- Validating navigation Bar -->
  </suite> <!-- Suite -->
</testng-results>
